<?xml version="1.0" encoding="UTF-8"?>
<testng-results ignored="0" total="1" passed="1" failed="0" skipped="0">
  <reporter-output>
  </reporter-output>
  <suite started-at="2026-07-08T17:08:05 IST" name="Surefire suite" finished-at="2026-07-08T17:08:51 IST" duration-ms="46257">
    <groups>
    </groups>
    <test started-at="2026-07-08T17:08:05 IST" name="Surefire test" finished-at="2026-07-08T17:08:51 IST" duration-ms="46257">
      <class name="com.prestashop.tests.EndToEndShoppingFlowTest">
        <test-method is-config="true" signature="setUp()[pri:0, instance:com.prestashop.tests.EndToEndShoppingFlowTest@6b19b79]" started-at="2026-07-08T17:08:05 IST" name="setUp" finished-at="2026-07-08T17:08:11 IST" duration-ms="6727" status="PASS">
          <reporter-output>
          </reporter-output>
        </test-method> <!-- setUp -->
        <test-method signature="verifyFullShoppingFlowWithTwoDiscountedProducts()[pri:0, instance:com.prestashop.tests.EndToEndShoppingFlowTest@6b19b79]" started-at="2026-07-08T17:08:11 IST" name="verifyFullShoppingFlowWithTwoDiscountedProducts" finished-at="2026-07-08T17:08:50 IST" duration-ms="38545" status="PASS">
          <reporter-output>
          </reporter-output>
        </test-method> <!-- verifyFullShoppingFlowWithTwoDiscountedProducts -->
        <test-method is-config="true" signature="tearDown()[pri:0, instance:com.prestashop.tests.EndToEndShoppingFlowTest@6b19b79]" started-at="2026-07-08T17:08:50 IST" name="tearDown" finished-at="2026-07-08T17:08:51 IST" duration-ms="950" status="PASS">
          <reporter-output>
          </reporter-output>
        </test-method> <!-- tearDown -->
      </class> <!-- com.prestashop.tests.EndToEndShoppingFlowTest -->
    </test> <!-- Surefire test -->
  </suite> <!-- Surefire suite -->
</testng-results>
